<?xml version="1.0" encoding="UTF-8"?>
<coverage generated="1776528323581" clover="3.2.0">
  <project timestamp="1776528323581" name="All files">
    <metrics statements="53" coveredstatements="8" conditionals="11" coveredconditionals="0" methods="9" coveredmethods="1" elements="73" coveredelements="9" complexity="0" loc="53" ncloc="53" packages="8" files="9" classes="9"/>
    <package name="modules.product.application.usecases">
      <metrics statements="7" coveredstatements="7" conditionals="0" coveredconditionals="0" methods="1" coveredmethods="1"/>
      <file name="createProduct.ts" path="/Users/developer/development/infra/aws/lambda/typescript/hexagonal-architecture/core-lambda-product-create/app/src/modules/product/application/usecases/createProduct.ts">
        <metrics statements="7" coveredstatements="7" conditionals="0" coveredconditionals="0" methods="1" coveredmethods="1"/>
        <line num="1" count="1" type="stmt"/>
        <line num="2" count="1" type="stmt"/>
        <line num="5" count="1" type="stmt"/>
        <line num="7" count="3" type="stmt"/>
        <line num="8" count="3" type="stmt"/>
        <line num="10" count="2" type="stmt"/>
        <line num="11" count="2" type="stmt"/>
      </file>
    </package>
    <package name="modules.product.domain">
      <metrics statements="3" coveredstatements="1" conditionals="1" coveredconditionals="0" methods="1" coveredmethods="0"/>
      <file name="product.ts" path="/Users/developer/development/infra/aws/lambda/typescript/hexagonal-architecture/core-lambda-product-create/app/src/modules/product/domain/product.ts">
        <metrics statements="3" coveredstatements="1" conditionals="1" coveredconditionals="0" methods="1" coveredmethods="0"/>
        <line num="8" count="1" type="stmt"/>
        <line num="9" count="0" type="cond" truecount="0" falsecount="1"/>
        <line num="10" count="0" type="stmt"/>
      </file>
    </package>
    <package name="modules.product.interface.http.controllers">
      <metrics statements="13" coveredstatements="0" conditionals="0" coveredconditionals="0" methods="1" coveredmethods="0"/>
      <file name="productController.ts" path="/Users/developer/development/infra/aws/lambda/typescript/hexagonal-architecture/core-lambda-product-create/app/src/modules/product/interface/http/controllers/productController.ts">
        <metrics statements="13" coveredstatements="0" conditionals="0" coveredconditionals="0" methods="1" coveredmethods="0"/>
        <line num="3" count="0" type="stmt"/>
        <line num="4" count="0" type="stmt"/>
        <line num="6" count="0" type="stmt"/>
        <line num="8" count="0" type="stmt"/>
        <line num="9" count="0" type="stmt"/>
        <line num="10" count="0" type="stmt"/>
        <line num="11" count="0" type="stmt"/>
        <line num="15" count="0" type="stmt"/>
        <line num="16" count="0" type="stmt"/>
        <line num="18" count="0" type="stmt"/>
        <line num="20" count="0" type="stmt"/>
        <line num="22" count="0" type="stmt"/>
        <line num="24" count="0" type="stmt"/>
      </file>
    </package>
    <package name="modules.product.interface.http.errors">
      <metrics statements="7" coveredstatements="0" conditionals="1" coveredconditionals="0" methods="1" coveredmethods="0"/>
      <file name="handleHttpError.ts" path="/Users/developer/development/infra/aws/lambda/typescript/hexagonal-architecture/core-lambda-product-create/app/src/modules/product/interface/http/errors/handleHttpError.ts">
        <metrics statements="7" coveredstatements="0" conditionals="1" coveredconditionals="0" methods="1" coveredmethods="0"/>
        <line num="1" count="0" type="stmt"/>
        <line num="2" count="0" type="stmt"/>
        <line num="3" count="0" type="stmt"/>
        <line num="5" count="0" type="stmt"/>
        <line num="6" count="0" type="cond" truecount="0" falsecount="1"/>
        <line num="7" count="0" type="stmt"/>
        <line num="10" count="0" type="stmt"/>
      </file>
    </package>
    <package name="modules.product.interface.http.validators">
      <metrics statements="4" coveredstatements="0" conditionals="0" coveredconditionals="0" methods="1" coveredmethods="0"/>
      <file name="createProduct.schema.ts" path="/Users/developer/development/infra/aws/lambda/typescript/hexagonal-architecture/core-lambda-product-create/app/src/modules/product/interface/http/validators/createProduct.schema.ts">
        <metrics statements="2" coveredstatements="0" conditionals="0" coveredconditionals="0" methods="0" coveredmethods="0"/>
        <line num="1" count="0" type="stmt"/>
        <line num="3" count="0" type="stmt"/>
      </file>
      <file name="validate.ts" path="/Users/developer/development/infra/aws/lambda/typescript/hexagonal-architecture/core-lambda-product-create/app/src/modules/product/interface/http/validators/validate.ts">
        <metrics statements="2" coveredstatements="0" conditionals="0" coveredconditionals="0" methods="1" coveredmethods="0"/>
        <line num="3" count="0" type="stmt"/>
        <line num="4" count="0" type="stmt"/>
      </file>
    </package>
    <package name="shared.logger">
      <metrics statements="6" coveredstatements="0" conditionals="4" coveredconditionals="0" methods="0" coveredmethods="0"/>
      <file name="logger.ts" path="/Users/developer/development/infra/aws/lambda/typescript/hexagonal-architecture/core-lambda-product-create/app/src/shared/logger/logger.ts">
        <metrics statements="6" coveredstatements="0" conditionals="4" coveredconditionals="0" methods="0" coveredmethods="0"/>
        <line num="1" count="0" type="stmt"/>
        <line num="2" count="0" type="stmt"/>
        <line num="4" count="0" type="stmt"/>
        <line num="6" count="0" type="cond" truecount="0" falsecount="2"/>
        <line num="13" count="0" type="stmt"/>
        <line num="20" count="0" type="stmt"/>
      </file>
    </package>
    <package name="shared.response">
      <metrics statements="3" coveredstatements="0" conditionals="2" coveredconditionals="0" methods="2" coveredmethods="0"/>
      <file name="response.ts" path="/Users/developer/development/infra/aws/lambda/typescript/hexagonal-architecture/core-lambda-product-create/app/src/shared/response/response.ts">
        <metrics statements="3" coveredstatements="0" conditionals="2" coveredconditionals="0" methods="2" coveredmethods="0"/>
        <line num="1" count="0" type="stmt"/>
        <line num="8" count="0" type="stmt"/>
        <line num="12" count="0" type="stmt"/>
      </file>
    </package>
    <package name="shared.utils">
      <metrics statements="10" coveredstatements="0" conditionals="3" coveredconditionals="0" methods="2" coveredmethods="0"/>
      <file name="zodErrorFormatter.ts" path="/Users/developer/development/infra/aws/lambda/typescript/hexagonal-architecture/core-lambda-product-create/app/src/shared/utils/zodErrorFormatter.ts">
        <metrics statements="10" coveredstatements="0" conditionals="3" coveredconditionals="0" methods="2" coveredmethods="0"/>
        <line num="4" count="0" type="stmt"/>
        <line num="8" count="0" type="stmt"/>
        <line num="9" count="0" type="stmt"/>
        <line num="10" count="0" type="stmt"/>
        <line num="12" count="0" type="cond" truecount="0" falsecount="1"/>
        <line num="13" count="0" type="stmt"/>
        <line num="15" count="0" type="cond" truecount="0" falsecount="2"/>
        <line num="16" count="0" type="stmt"/>
        <line num="18" count="0" type="stmt"/>
        <line num="22" count="0" type="stmt"/>
      </file>
    </package>
  </project>
</coverage>
