{"/Users/developer/development/infra/aws/lambda/typescript/hexagonal-architecture/core-lambda-product-create/app/src/modules/product/application/usecases/createProduct.ts": {"path":"/Users/developer/development/infra/aws/lambda/typescript/hexagonal-architecture/core-lambda-product-create/app/src/modules/product/application/usecases/createProduct.ts","statementMap":{"0":{"start":{"line":1,"column":0},"end":{"line":1,"column":33}},"1":{"start":{"line":3,"column":0},"end":{"line":3,"column":65}},"2":{"start":{"line":6,"column":36},"end":{"line":14,"column":1}},"3":{"start":{"line":8,"column":27},"end":{"line":8,"column":50}},"4":{"start":{"line":9,"column":2},"end":{"line":9,"column":null}},"5":{"start":{"line":11,"column":2},"end":{"line":11,"column":null}},"6":{"start":{"line":12,"column":2},"end":{"line":12,"column":null}},"7":{"start":{"line":6,"column":13},"end":{"line":6,"column":36}}},"fnMap":{"0":{"name":"(anonymous_0)","decl":{"start":{"line":6,"column":36},"end":{"line":6,"column":41}},"loc":{"start":{"line":6,"column":107},"end":{"line":14,"column":1}}}},"branchMap":{},"s":{"0":1,"1":1,"2":1,"3":3,"4":3,"5":2,"6":2,"7":1},"f":{"0":3},"b":{}}
,"/Users/developer/development/infra/aws/lambda/typescript/hexagonal-architecture/core-lambda-product-create/app/src/modules/product/domain/product.ts": {"path":"/Users/developer/development/infra/aws/lambda/typescript/hexagonal-architecture/core-lambda-product-create/app/src/modules/product/domain/product.ts","statementMap":{"0":{"start":{"line":8,"column":31},"end":{"line":12,"column":1}},"1":{"start":{"line":9,"column":2},"end":{"line":11,"column":3}},"2":{"start":{"line":10,"column":4},"end":{"line":10,"column":null}},"3":{"start":{"line":8,"column":13},"end":{"line":8,"column":31}}},"fnMap":{"0":{"name":"(anonymous_0)","decl":{"start":{"line":8,"column":31},"end":{"line":8,"column":32}},"loc":{"start":{"line":8,"column":52},"end":{"line":12,"column":1}}}},"branchMap":{"0":{"loc":{"start":{"line":9,"column":2},"end":{"line":11,"column":3}},"type":"if","locations":[{"start":{"line":9,"column":2},"end":{"line":11,"column":3}}]}},"s":{"0":2,"1":3,"2":2,"3":2},"f":{"0":3},"b":{"0":[2]}}
,"/Users/developer/development/infra/aws/lambda/typescript/hexagonal-architecture/core-lambda-product-create/app/src/modules/product/infra/database/productRepository.ts": {"path":"/Users/developer/development/infra/aws/lambda/typescript/hexagonal-architecture/core-lambda-product-create/app/src/modules/product/infra/database/productRepository.ts","statementMap":{"0":{"start":{"line":1,"column":0},"end":{"line":1,"column":57}},"1":{"start":{"line":2,"column":0},"end":{"line":2,"column":74}},"2":{"start":{"line":6,"column":15},"end":{"line":6,"column":58}},"3":{"start":{"line":7,"column":18},"end":{"line":7,"column":53}},"4":{"start":{"line":10,"column":13},"end":{"line":19,"column":null}},"5":{"start":{"line":12,"column":4},"end":{"line":17,"column":null}}},"fnMap":{"0":{"name":"(anonymous_0)","decl":{"start":{"line":11,"column":2},"end":{"line":11,"column":7}},"loc":{"start":{"line":11,"column":31},"end":{"line":18,"column":3}}}},"branchMap":{},"s":{"0":1,"1":1,"2":1,"3":1,"4":1,"5":2},"f":{"0":2},"b":{}}
,"/Users/developer/development/infra/aws/lambda/typescript/hexagonal-architecture/core-lambda-product-create/app/src/modules/product/infra/http/parseCreateProductBody.ts": {"path":"/Users/developer/development/infra/aws/lambda/typescript/hexagonal-architecture/core-lambda-product-create/app/src/modules/product/infra/http/parseCreateProductBody.ts","statementMap":{"0":{"start":{"line":1,"column":0},"end":{"line":1,"column":16}},"1":{"start":{"line":2,"column":2},"end":{"line":13,"column":3}},"2":{"start":{"line":4,"column":6},"end":{"line":6,"column":20}},"3":{"start":{"line":8,"column":4},"end":{"line":10,"column":5}},"4":{"start":{"line":9,"column":6},"end":{"line":9,"column":null}},"5":{"start":{"line":12,"column":4},"end":{"line":12,"column":null}},"6":{"start":{"line":15,"column":2},"end":{"line":17,"column":3}},"7":{"start":{"line":16,"column":4},"end":{"line":16,"column":null}},"8":{"start":{"line":19,"column":2},"end":{"line":19,"column":null}}},"fnMap":{"0":{"name":"parseBody","decl":{"start":{"line":1,"column":16},"end":{"line":1,"column":25}},"loc":{"start":{"line":1,"column":36},"end":{"line":20,"column":1}}}},"branchMap":{"0":{"loc":{"start":{"line":2,"column":2},"end":{"line":13,"column":3}},"type":"if","locations":[{"start":{"line":2,"column":2},"end":{"line":13,"column":3}}]},"1":{"loc":{"start":{"line":4,"column":6},"end":{"line":6,"column":20}},"type":"cond-expr","locations":[{"start":{"line":5,"column":10},"end":{"line":5,"column":32}},{"start":{"line":6,"column":10},"end":{"line":6,"column":20}}]},"2":{"loc":{"start":{"line":8,"column":4},"end":{"line":10,"column":5}},"type":"if","locations":[{"start":{"line":8,"column":4},"end":{"line":10,"column":5}}]},"3":{"loc":{"start":{"line":8,"column":8},"end":{"line":8,"column":45}},"type":"binary-expr","locations":[{"start":{"line":8,"column":8},"end":{"line":8,"column":15}},{"start":{"line":8,"column":19},"end":{"line":8,"column":45}}]},"4":{"loc":{"start":{"line":15,"column":2},"end":{"line":17,"column":3}},"type":"if","locations":[{"start":{"line":15,"column":2},"end":{"line":17,"column":3}}]},"5":{"loc":{"start":{"line":15,"column":6},"end":{"line":15,"column":41}},"type":"binary-expr","locations":[{"start":{"line":15,"column":6},"end":{"line":15,"column":12}},{"start":{"line":15,"column":16},"end":{"line":15,"column":41}}]}},"s":{"0":1,"1":8,"2":5,"3":4,"4":2,"5":2,"6":3,"7":2,"8":1},"f":{"0":8},"b":{"0":[5],"1":[4,1],"2":[2],"3":[4,3],"4":[2],"5":[3,1]}}
,"/Users/developer/development/infra/aws/lambda/typescript/hexagonal-architecture/core-lambda-product-create/app/src/modules/product/infra/lambda/createProduct.ts": {"path":"/Users/developer/development/infra/aws/lambda/typescript/hexagonal-architecture/core-lambda-product-create/app/src/modules/product/infra/lambda/createProduct.ts","statementMap":{"0":{"start":{"line":1,"column":0},"end":{"line":1,"column":114}},"1":{"start":{"line":2,"column":0},"end":{"line":2,"column":99}},"2":{"start":{"line":4,"column":23},"end":{"line":11,"column":1}},"3":{"start":{"line":6,"column":2},"end":{"line":10,"column":3}},"4":{"start":{"line":7,"column":4},"end":{"line":7,"column":null}},"5":{"start":{"line":9,"column":4},"end":{"line":9,"column":null}},"6":{"start":{"line":4,"column":13},"end":{"line":4,"column":23}}},"fnMap":{"0":{"name":"(anonymous_0)","decl":{"start":{"line":4,"column":23},"end":{"line":4,"column":28}},"loc":{"start":{"line":4,"column":44},"end":{"line":11,"column":1}}}},"branchMap":{},"s":{"0":1,"1":1,"2":1,"3":2,"4":2,"5":1,"6":1},"f":{"0":2},"b":{}}
,"/Users/developer/development/infra/aws/lambda/typescript/hexagonal-architecture/core-lambda-product-create/app/src/modules/product/interface/http/controllers/productController.ts": {"path":"/Users/developer/development/infra/aws/lambda/typescript/hexagonal-architecture/core-lambda-product-create/app/src/modules/product/interface/http/controllers/productController.ts","statementMap":{"0":{"start":{"line":3,"column":0},"end":{"line":3,"column":93}},"1":{"start":{"line":4,"column":0},"end":{"line":4,"column":88}},"2":{"start":{"line":6,"column":0},"end":{"line":6,"column":72}},"3":{"start":{"line":8,"column":0},"end":{"line":8,"column":56}},"4":{"start":{"line":9,"column":0},"end":{"line":9,"column":49}},"5":{"start":{"line":10,"column":0},"end":{"line":10,"column":64}},"6":{"start":{"line":11,"column":0},"end":{"line":11,"column":81}},"7":{"start":{"line":15,"column":39},"end":{"line":25,"column":1}},"8":{"start":{"line":16,"column":2},"end":{"line":16,"column":null}},"9":{"start":{"line":18,"column":15},"end":{"line":18,"column":31}},"10":{"start":{"line":20,"column":35},"end":{"line":20,"column":70}},"11":{"start":{"line":22,"column":2},"end":{"line":22,"column":null}},"12":{"start":{"line":24,"column":2},"end":{"line":24,"column":null}},"13":{"start":{"line":15,"column":13},"end":{"line":15,"column":39}}},"fnMap":{"0":{"name":"(anonymous_1)","decl":{"start":{"line":15,"column":39},"end":{"line":15,"column":44}},"loc":{"start":{"line":15,"column":60},"end":{"line":25,"column":1}}}},"branchMap":{},"s":{"0":1,"1":1,"2":1,"3":1,"4":1,"5":1,"6":1,"7":1,"8":4,"9":4,"10":3,"11":2,"12":1,"13":1},"f":{"0":4},"b":{}}
,"/Users/developer/development/infra/aws/lambda/typescript/hexagonal-architecture/core-lambda-product-create/app/src/modules/product/interface/http/errors/handleHttpError.ts": {"path":"/Users/developer/development/infra/aws/lambda/typescript/hexagonal-architecture/core-lambda-product-create/app/src/modules/product/interface/http/errors/handleHttpError.ts","statementMap":{"0":{"start":{"line":5,"column":0},"end":{"line":5,"column":16}},"1":{"start":{"line":1,"column":0},"end":{"line":1,"column":71}},"2":{"start":{"line":2,"column":0},"end":{"line":2,"column":78}},"3":{"start":{"line":3,"column":0},"end":{"line":3,"column":30}},"4":{"start":{"line":6,"column":2},"end":{"line":8,"column":3}},"5":{"start":{"line":7,"column":4},"end":{"line":7,"column":null}},"6":{"start":{"line":10,"column":2},"end":{"line":12,"column":null}}},"fnMap":{"0":{"name":"handleHttpError","decl":{"start":{"line":5,"column":16},"end":{"line":5,"column":31}},"loc":{"start":{"line":5,"column":54},"end":{"line":13,"column":1}}}},"branchMap":{"0":{"loc":{"start":{"line":6,"column":2},"end":{"line":8,"column":3}},"type":"if","locations":[{"start":{"line":6,"column":2},"end":{"line":8,"column":3}}]}},"s":{"0":1,"1":1,"2":1,"3":1,"4":2,"5":1,"6":1},"f":{"0":2},"b":{"0":[1]}}
,"/Users/developer/development/infra/aws/lambda/typescript/hexagonal-architecture/core-lambda-product-create/app/src/modules/product/interface/http/validators/createProduct.schema.ts": {"path":"/Users/developer/development/infra/aws/lambda/typescript/hexagonal-architecture/core-lambda-product-create/app/src/modules/product/interface/http/validators/createProduct.schema.ts","statementMap":{"0":{"start":{"line":1,"column":0},"end":{"line":1,"column":23}},"1":{"start":{"line":3,"column":13},"end":{"line":13,"column":null}}},"fnMap":{},"branchMap":{},"s":{"0":1,"1":1},"f":{},"b":{}}
,"/Users/developer/development/infra/aws/lambda/typescript/hexagonal-architecture/core-lambda-product-create/app/src/modules/product/interface/http/validators/validate.ts": {"path":"/Users/developer/development/infra/aws/lambda/typescript/hexagonal-architecture/core-lambda-product-create/app/src/modules/product/interface/http/validators/validate.ts","statementMap":{"0":{"start":{"line":3,"column":0},"end":{"line":3,"column":16}},"1":{"start":{"line":4,"column":2},"end":{"line":4,"column":null}}},"fnMap":{"0":{"name":"validate","decl":{"start":{"line":3,"column":16},"end":{"line":3,"column":24}},"loc":{"start":{"line":3,"column":63},"end":{"line":5,"column":1}}}},"branchMap":{},"s":{"0":0,"1":0},"f":{"0":0},"b":{}}
,"/Users/developer/development/infra/aws/lambda/typescript/hexagonal-architecture/core-lambda-product-create/app/src/shared/logger/logger.ts": {"path":"/Users/developer/development/infra/aws/lambda/typescript/hexagonal-architecture/core-lambda-product-create/app/src/shared/logger/logger.ts","statementMap":{"0":{"start":{"line":1,"column":0},"end":{"line":1,"column":23}},"1":{"start":{"line":2,"column":0},"end":{"line":2,"column":32}},"2":{"start":{"line":4,"column":16},"end":{"line":4,"column":48}},"3":{"start":{"line":6,"column":15},"end":{"line":11,"column":13}},"4":{"start":{"line":13,"column":15},"end":{"line":17,"column":null}},"5":{"start":{"line":20,"column":0},"end":{"line":20,"column":null}}},"fnMap":{},"branchMap":{"0":{"loc":{"start":{"line":6,"column":15},"end":{"line":11,"column":13}},"type":"cond-expr","locations":[{"start":{"line":7,"column":4},"end":{"line":10,"column":6}},{"start":{"line":11,"column":4},"end":{"line":11,"column":13}}]},"1":{"loc":{"start":{"line":15,"column":11},"end":{"line":15,"column":42}},"type":"binary-expr","locations":[{"start":{"line":15,"column":11},"end":{"line":15,"column":32}},{"start":{"line":15,"column":36},"end":{"line":15,"column":42}}]}},"s":{"0":2,"1":2,"2":2,"3":2,"4":2,"5":2},"f":{},"b":{"0":[1,1],"1":[2,0]}}
,"/Users/developer/development/infra/aws/lambda/typescript/hexagonal-architecture/core-lambda-product-create/app/src/shared/response/response.ts": {"path":"/Users/developer/development/infra/aws/lambda/typescript/hexagonal-architecture/core-lambda-product-create/app/src/shared/response/response.ts","statementMap":{"0":{"start":{"line":1,"column":31},"end":{"line":4,"column":2}},"1":{"start":{"line":1,"column":68},"end":{"line":4,"column":2}},"2":{"start":{"line":1,"column":13},"end":{"line":1,"column":31}},"3":{"start":{"line":8,"column":29},"end":{"line":18,"column":2}},"4":{"start":{"line":12,"column":6},"end":{"line":18,"column":2}},"5":{"start":{"line":8,"column":13},"end":{"line":8,"column":29}}},"fnMap":{"0":{"name":"(anonymous_0)","decl":{"start":{"line":1,"column":31},"end":{"line":1,"column":35}},"loc":{"start":{"line":1,"column":68},"end":{"line":4,"column":2}}},"1":{"name":"(anonymous_1)","decl":{"start":{"line":8,"column":29},"end":{"line":8,"column":null}},"loc":{"start":{"line":12,"column":6},"end":{"line":18,"column":2}}}},"branchMap":{"0":{"loc":{"start":{"line":16,"column":8},"end":{"line":16,"column":32}},"type":"cond-expr","locations":[{"start":{"line":16,"column":17},"end":{"line":16,"column":27}},{"start":{"line":16,"column":30},"end":{"line":16,"column":32}}]}},"s":{"0":1,"1":1,"2":1,"3":1,"4":2,"5":1},"f":{"0":1,"1":2},"b":{"0":[1,1]}}
,"/Users/developer/development/infra/aws/lambda/typescript/hexagonal-architecture/core-lambda-product-create/app/src/shared/utils/zodErrorFormatter.ts": {"path":"/Users/developer/development/infra/aws/lambda/typescript/hexagonal-architecture/core-lambda-product-create/app/src/shared/utils/zodErrorFormatter.ts","statementMap":{"0":{"start":{"line":4,"column":30},"end":{"line":27,"column":1}},"1":{"start":{"line":8,"column":2},"end":{"line":26,"column":null}},"2":{"start":{"line":9,"column":18},"end":{"line":9,"column":36}},"3":{"start":{"line":10,"column":18},"end":{"line":10,"column":29}},"4":{"start":{"line":12,"column":4},"end":{"line":20,"column":5}},"5":{"start":{"line":13,"column":23},"end":{"line":13,"column":41}},"6":{"start":{"line":15,"column":6},"end":{"line":19,"column":7}},"7":{"start":{"line":16,"column":8},"end":{"line":16,"column":null}},"8":{"start":{"line":18,"column":8},"end":{"line":18,"column":null}},"9":{"start":{"line":22,"column":4},"end":{"line":25,"column":null}},"10":{"start":{"line":4,"column":13},"end":{"line":4,"column":30}}},"fnMap":{"0":{"name":"(anonymous_0)","decl":{"start":{"line":4,"column":30},"end":{"line":4,"column":null}},"loc":{"start":{"line":7,"column":18},"end":{"line":27,"column":1}}},"1":{"name":"(anonymous_1)","decl":{"start":{"line":8,"column":26},"end":{"line":8,"column":27}},"loc":{"start":{"line":8,"column":34},"end":{"line":26,"column":3}}}},"branchMap":{"0":{"loc":{"start":{"line":12,"column":4},"end":{"line":20,"column":5}},"type":"if","locations":[{"start":{"line":12,"column":4},"end":{"line":20,"column":5}}]},"1":{"loc":{"start":{"line":15,"column":6},"end":{"line":19,"column":7}},"type":"if","locations":[{"start":{"line":15,"column":6},"end":{"line":19,"column":7}},{"start":{"line":17,"column":13},"end":{"line":19,"column":7}}]}},"s":{"0":1,"1":4,"2":4,"3":4,"4":4,"5":3,"6":3,"7":2,"8":1,"9":4,"10":1},"f":{"0":4,"1":4},"b":{"0":[3],"1":[2,1]}}
}
