TN:
SF:src/modules/product/application/usecases/createProduct.ts
FN:6,(anonymous_0)
FNF:1
FNH:1
FNDA:3,(anonymous_0)
DA:1,1
DA:3,1
DA:6,1
DA:8,3
DA:9,3
DA:11,2
DA:12,2
LF:7
LH:7
BRF:0
BRH:0
end_of_record
TN:
SF:src/modules/product/domain/product.ts
FN:8,(anonymous_0)
FNF:1
FNH:1
FNDA:3,(anonymous_0)
DA:8,2
DA:9,3
DA:10,2
LF:3
LH:3
BRDA:9,0,0,2
BRF:1
BRH:1
end_of_record
TN:
SF:src/modules/product/infra/database/productRepository.ts
FN:11,(anonymous_0)
FNF:1
FNH:1
FNDA:2,(anonymous_0)
DA:1,1
DA:2,1
DA:6,1
DA:7,1
DA:10,1
DA:12,2
LF:6
LH:6
BRF:0
BRH:0
end_of_record
TN:
SF:src/modules/product/infra/http/parseCreateProductBody.ts
FN:3,parseBody
FNF:1
FNH:1
FNDA:8,parseBody
DA:3,1
DA:4,8
DA:5,3
DA:9,5
DA:13,4
DA:14,2
DA:17,2
LF:7
LH:7
BRDA:4,0,0,3
BRDA:9,1,0,4
BRDA:9,1,1,1
BRDA:13,2,0,2
BRDA:13,3,0,4
BRDA:13,3,1,3
BRF:6
BRH:6
end_of_record
TN:
SF:src/modules/product/infra/lambda/createProduct.ts
FN:5,(anonymous_0)
FNF:1
FNH:1
FNDA:2,(anonymous_0)
DA:2,1
DA:3,1
DA:5,1
DA:8,2
DA:9,2
DA:11,1
LF:6
LH:6
BRF:0
BRH:0
end_of_record
TN:
SF:src/modules/product/interface/http/controllers/productController.ts
FN:16,(anonymous_1)
FNF:1
FNH:1
FNDA:4,(anonymous_1)
DA:4,1
DA:5,1
DA:7,1
DA:9,1
DA:10,1
DA:11,1
DA:12,1
DA:16,1
DA:19,4
DA:21,4
DA:23,3
DA:25,2
DA:27,1
LF:13
LH:13
BRF:0
BRH:0
end_of_record
TN:
SF:src/modules/product/interface/http/errors/handleHttpError.ts
FN:5,handleHttpError
FNF:1
FNH:1
FNDA:2,handleHttpError
DA:1,1
DA:2,1
DA:3,1
DA:5,1
DA:9,2
DA:10,1
DA:17,1
DA:18,1
DA:23,0
LF:9
LH:8
BRDA:9,0,0,1
BRDA:13,1,0,1
BRDA:13,1,1,0
BRDA:17,2,0,1
BRF:4
BRH:3
end_of_record
TN:
SF:src/modules/product/interface/http/validators/createProduct.schema.ts
FNF:0
FNH:0
DA:1,1
DA:3,1
LF:2
LH:2
BRF:0
BRH:0
end_of_record
TN:
SF:src/modules/product/interface/http/validators/validate.ts
FN:3,validate
FNF:1
FNH:0
FNDA:0,validate
DA:3,0
DA:4,0
LF:2
LH:0
BRF:0
BRH:0
end_of_record
TN:
SF:src/shared/logger/logger.ts
FNF:0
FNH:0
DA:1,2
DA:2,2
DA:4,2
DA:6,2
DA:13,2
DA:20,2
LF:6
LH:6
BRDA:6,0,0,1
BRDA:6,0,1,1
BRDA:15,1,0,2
BRDA:15,1,1,0
BRF:4
BRH:3
end_of_record
TN:
SF:src/shared/response/response.ts
FN:1,(anonymous_0)
FN:8,(anonymous_1)
FNF:2
FNH:2
FNDA:1,(anonymous_0)
FNDA:2,(anonymous_1)
DA:1,1
DA:8,1
DA:12,2
LF:3
LH:3
BRDA:16,0,0,1
BRDA:16,0,1,1
BRF:2
BRH:2
end_of_record
TN:
SF:src/shared/utils/zodErrorFormatter.ts
FN:4,(anonymous_0)
FN:8,(anonymous_1)
FNF:2
FNH:2
FNDA:2,(anonymous_0)
FNDA:2,(anonymous_1)
DA:4,1
DA:8,2
DA:9,2
DA:10,2
DA:12,2
DA:13,2
DA:15,2
DA:16,1
DA:18,1
DA:22,2
LF:10
LH:10
BRDA:12,0,0,2
BRDA:15,1,0,1
BRDA:15,1,1,1
BRF:3
BRH:3
end_of_record
